<?xml version="1.0" encoding="UTF-8"?>
<testsuite xmlns:xsi="http://www.w3.org/2001/XMLSchema-instance" xsi:noNamespaceSchemaLocation="https://maven.apache.org/surefire/maven-surefire-plugin/xsd/surefire-test-report-3.0.xsd" version="3.0" name="TestSuite" time="94.01" tests="9" errors="0" skipped="0" failures="5">
  <properties>
[...]
</properties>
  <testcase name="addtobasket" classname="testCases.TC_AddToBasketTest" time="14.482">
    <system-out><![CDATA[ INFO [main] (BaseClass.java:71)- using browser chrome
  INFO [main] (BaseClass.java:81)- Initilising Driver
  INFO [main] (BaseClass.java:83)- Managing Timeouts
  INFO [main] (BaseClass.java:85)- Initilising Driver
  INFO [main] (BaseClass.java:86)- Maximize browser window
  INFO [main] (TC_AddToBasketTest.java:16)- Click on Shop
 ]]></system-out>
    <system-err><![CDATA[SLF4J: Failed to load class "org.slf4j.impl.StaticLoggerBinder".
SLF4J: Defaulting to no-operation (NOP) logger implementation
SLF4J: See http://www.slf4j.org/codes.html#StaticLoggerBinder for further details.
Starting ChromeDriver 109.0.5414.74 (e7c5703604daa9cc128ccf5a5d3e993513758913-refs/branch-heads/5414@{#1172}) on port 3753
Only local connections are allowed.
Please see https://chromedriver.chromium.org/security-considerations for suggestions on keeping ChromeDriver safe.
ChromeDriver was started successfully.
Jan 25, 2023 6:17:00 PM org.openqa.selenium.remote.ProtocolHandshake createSession
INFO: Detected dialect: W3C
]]></system-err>
  </testcase>
  <testcase name="dynamicdata" classname="testCases.TC_DynamicDataTest" time="28.019"/>
  <testcase name="filedownload" classname="testCases.TC_FileDownloadTest" time="5.099">
    <failure message="expected [true] but found [false]" type="java.lang.AssertionError"><![CDATA[java.lang.AssertionError: expected [true] but found [false]
	at testCases.TC_FileDownloadTest.filedownload(TC_FileDownloadTest.java:20)
]]></failure>
  </testcase>
  <testcase name="itemtchoose" classname="testCases.TC_ItemChooseTest" time="3.001">
    <failure message="no such element: Unable to locate element: {&quot;method&quot;:&quot;xpath&quot;,&quot;selector&quot;:&quot;//*[@id=&quot;content&quot;]/ul/li[1]/a[2]&quot;}&#10;  (Session info: chrome=109.0.5414.76)&#10;For documentation on this error, please visit: https://www.seleniumhq.org/exceptions/no_such_element.html&#10;Build info: version: &apos;3.141.59&apos;, revision: &apos;e82be7d358&apos;, time: &apos;2018-11-14T08:17:03&apos;&#10;System info: host: &apos;IN-2XLTZD3&apos;, ip: &apos;192.168.0.103&apos;, os.name: &apos;Windows 10&apos;, os.arch: &apos;amd64&apos;, os.version: &apos;10.0&apos;, java.version: &apos;11.0.5&apos;&#10;Driver info: org.openqa.selenium.chrome.ChromeDriver&#10;Capabilities {acceptInsecureCerts: false, browserName: chrome, browserVersion: 109.0.5414.76, chrome: {chromedriverVersion: 109.0.5414.74 (e7c5703604da..., userDataDir: C:\Users\SUPRIM~1\AppData\L...}, goog:chromeOptions: {debuggerAddress: localhost:55979}, javascriptEnabled: true, networkConnectionEnabled: false, pageLoadStrategy: normal, platform: WINDOWS, platformName: WINDOWS, proxy: Proxy(), setWindowRect: true, strictFileInteractability: false, timeouts: {implicit: 0, pageLoad: 300000, script: 30000}, unhandledPromptBehavior: dismiss and notify, webauthn:extension:credBlob: true, webauthn:extension:largeBlob: true, webauthn:virtualAuthenticators: true}&#10;Session ID: 4af82c95bbecb776dca50ef47147abd7&#10;*** Element info: {Using=xpath, value=//*[@id=&quot;content&quot;]/ul/li[1]/a[2]}" type="org.openqa.selenium.NoSuchElementException"><![CDATA[org.openqa.selenium.NoSuchElementException: 
no such element: Unable to locate element: {"method":"xpath","selector":"//*[@id="content"]/ul/li[1]/a[2]"}
  (Session info: chrome=109.0.5414.76)
For documentation on this error, please visit: https://www.seleniumhq.org/exceptions/no_such_element.html
Build info: version: '3.141.59', revision: 'e82be7d358', time: '2018-11-14T08:17:03'
System info: host: 'IN-2XLTZD3', ip: '192.168.0.103', os.name: 'Windows 10', os.arch: 'amd64', os.version: '10.0', java.version: '11.0.5'
Driver info: org.openqa.selenium.chrome.ChromeDriver
Capabilities {acceptInsecureCerts: false, browserName: chrome, browserVersion: 109.0.5414.76, chrome: {chromedriverVersion: 109.0.5414.74 (e7c5703604da..., userDataDir: C:\Users\SUPRIM~1\AppData\L...}, goog:chromeOptions: {debuggerAddress: localhost:55979}, javascriptEnabled: true, networkConnectionEnabled: false, pageLoadStrategy: normal, platform: WINDOWS, platformName: WINDOWS, proxy: Proxy(), setWindowRect: true, strictFileInteractability: false, timeouts: {implicit: 0, pageLoad: 300000, script: 30000}, unhandledPromptBehavior: dismiss and notify, webauthn:extension:credBlob: true, webauthn:extension:largeBlob: true, webauthn:virtualAuthenticators: true}
Session ID: 4af82c95bbecb776dca50ef47147abd7
*** Element info: {Using=xpath, value=//*[@id="content"]/ul/li[1]/a[2]}
	at testCases.TC_ItemChooseTest.itemtchoose(TC_ItemChooseTest.java:17)
]]></failure>
  </testcase>
  <testcase name="login" classname="testCases.TC_LoginTest" time="11.731"/>
  <testcase name="register" classname="testCases.TC_RegisterTest" time="2.939">
    <failure message="no such element: Unable to locate element: {&quot;method&quot;:&quot;css selector&quot;,&quot;selector&quot;:&quot;#reg_email&quot;}&#10;  (Session info: chrome=109.0.5414.76)&#10;For documentation on this error, please visit: https://www.seleniumhq.org/exceptions/no_such_element.html&#10;Build info: version: &apos;3.141.59&apos;, revision: &apos;e82be7d358&apos;, time: &apos;2018-11-14T08:17:03&apos;&#10;System info: host: &apos;IN-2XLTZD3&apos;, ip: &apos;192.168.0.103&apos;, os.name: &apos;Windows 10&apos;, os.arch: &apos;amd64&apos;, os.version: &apos;10.0&apos;, java.version: &apos;11.0.5&apos;&#10;Driver info: org.openqa.selenium.chrome.ChromeDriver&#10;Capabilities {acceptInsecureCerts: false, browserName: chrome, browserVersion: 109.0.5414.76, chrome: {chromedriverVersion: 109.0.5414.74 (e7c5703604da..., userDataDir: C:\Users\SUPRIM~1\AppData\L...}, goog:chromeOptions: {debuggerAddress: localhost:55979}, javascriptEnabled: true, networkConnectionEnabled: false, pageLoadStrategy: normal, platform: WINDOWS, platformName: WINDOWS, proxy: Proxy(), setWindowRect: true, strictFileInteractability: false, timeouts: {implicit: 0, pageLoad: 300000, script: 30000}, unhandledPromptBehavior: dismiss and notify, webauthn:extension:credBlob: true, webauthn:extension:largeBlob: true, webauthn:virtualAuthenticators: true}&#10;Session ID: 4af82c95bbecb776dca50ef47147abd7&#10;*** Element info: {Using=id, value=reg_email}" type="org.openqa.selenium.NoSuchElementException"><![CDATA[org.openqa.selenium.NoSuchElementException: 
no such element: Unable to locate element: {"method":"css selector","selector":"#reg_email"}
  (Session info: chrome=109.0.5414.76)
For documentation on this error, please visit: https://www.seleniumhq.org/exceptions/no_such_element.html
Build info: version: '3.141.59', revision: 'e82be7d358', time: '2018-11-14T08:17:03'
System info: host: 'IN-2XLTZD3', ip: '192.168.0.103', os.name: 'Windows 10', os.arch: 'amd64', os.version: '10.0', java.version: '11.0.5'
Driver info: org.openqa.selenium.chrome.ChromeDriver
Capabilities {acceptInsecureCerts: false, browserName: chrome, browserVersion: 109.0.5414.76, chrome: {chromedriverVersion: 109.0.5414.74 (e7c5703604da..., userDataDir: C:\Users\SUPRIM~1\AppData\L...}, goog:chromeOptions: {debuggerAddress: localhost:55979}, javascriptEnabled: true, networkConnectionEnabled: false, pageLoadStrategy: normal, platform: WINDOWS, platformName: WINDOWS, proxy: Proxy(), setWindowRect: true, strictFileInteractability: false, timeouts: {implicit: 0, pageLoad: 300000, script: 30000}, unhandledPromptBehavior: dismiss and notify, webauthn:extension:credBlob: true, webauthn:extension:largeBlob: true, webauthn:virtualAuthenticators: true}
Session ID: 4af82c95bbecb776dca50ef47147abd7
*** Element info: {Using=id, value=reg_email}
	at testCases.TC_RegisterTest.register(TC_RegisterTest.java:19)
]]></failure>
  </testcase>
  <testcase name="testcase" classname="testCases.TC_TestCaseTest" time="11.136"/>
  <testcase name="training" classname="testCases.TC_TrainingTest" time="10.462">
    <failure message="expected [true] but found [false]" type="java.lang.AssertionError"><![CDATA[java.lang.AssertionError: expected [true] but found [false]
	at testCases.TC_TrainingTest.training(TC_TrainingTest.java:19)
]]></failure>
  </testcase>
  <testcase name="youtube" classname="testCases.TC_YouTubeVideoTest" time="3.098">
    <failure message="no such element: Unable to locate element: {&quot;method&quot;:&quot;xpath&quot;,&quot;selector&quot;:&quot;//*[@id=&quot;header&quot;]/nav/div/div[2]/ul/li[7]/ul/li[1]/a&quot;}&#10;  (Session info: chrome=109.0.5414.76)&#10;For documentation on this error, please visit: https://www.seleniumhq.org/exceptions/no_such_element.html&#10;Build info: version: &apos;3.141.59&apos;, revision: &apos;e82be7d358&apos;, time: &apos;2018-11-14T08:17:03&apos;&#10;System info: host: &apos;IN-2XLTZD3&apos;, ip: &apos;192.168.0.103&apos;, os.name: &apos;Windows 10&apos;, os.arch: &apos;amd64&apos;, os.version: &apos;10.0&apos;, java.version: &apos;11.0.5&apos;&#10;Driver info: org.openqa.selenium.chrome.ChromeDriver&#10;Capabilities {acceptInsecureCerts: false, browserName: chrome, browserVersion: 109.0.5414.76, chrome: {chromedriverVersion: 109.0.5414.74 (e7c5703604da..., userDataDir: C:\Users\SUPRIM~1\AppData\L...}, goog:chromeOptions: {debuggerAddress: localhost:55979}, javascriptEnabled: true, networkConnectionEnabled: false, pageLoadStrategy: normal, platform: WINDOWS, platformName: WINDOWS, proxy: Proxy(), setWindowRect: true, strictFileInteractability: false, timeouts: {implicit: 0, pageLoad: 300000, script: 30000}, unhandledPromptBehavior: dismiss and notify, webauthn:extension:credBlob: true, webauthn:extension:largeBlob: true, webauthn:virtualAuthenticators: true}&#10;Session ID: 4af82c95bbecb776dca50ef47147abd7&#10;*** Element info: {Using=xpath, value=//*[@id=&quot;header&quot;]/nav/div/div[2]/ul/li[7]/ul/li[1]/a}" type="org.openqa.selenium.NoSuchElementException"><![CDATA[org.openqa.selenium.NoSuchElementException: 
no such element: Unable to locate element: {"method":"xpath","selector":"//*[@id="header"]/nav/div/div[2]/ul/li[7]/ul/li[1]/a"}
  (Session info: chrome=109.0.5414.76)
For documentation on this error, please visit: https://www.seleniumhq.org/exceptions/no_such_element.html
Build info: version: '3.141.59', revision: 'e82be7d358', time: '2018-11-14T08:17:03'
System info: host: 'IN-2XLTZD3', ip: '192.168.0.103', os.name: 'Windows 10', os.arch: 'amd64', os.version: '10.0', java.version: '11.0.5'
Driver info: org.openqa.selenium.chrome.ChromeDriver
Capabilities {acceptInsecureCerts: false, browserName: chrome, browserVersion: 109.0.5414.76, chrome: {chromedriverVersion: 109.0.5414.74 (e7c5703604da..., userDataDir: C:\Users\SUPRIM~1\AppData\L...}, goog:chromeOptions: {debuggerAddress: localhost:55979}, javascriptEnabled: true, networkConnectionEnabled: false, pageLoadStrategy: normal, platform: WINDOWS, platformName: WINDOWS, proxy: Proxy(), setWindowRect: true, strictFileInteractability: false, timeouts: {implicit: 0, pageLoad: 300000, script: 30000}, unhandledPromptBehavior: dismiss and notify, webauthn:extension:credBlob: true, webauthn:extension:largeBlob: true, webauthn:virtualAuthenticators: true}
Session ID: 4af82c95bbecb776dca50ef47147abd7
*** Element info: {Using=xpath, value=//*[@id="header"]/nav/div/div[2]/ul/li[7]/ul/li[1]/a}
	at testCases.TC_YouTubeVideoTest.youtube(TC_YouTubeVideoTest.java:18)
]]></failure>
  </testcase>
</testsuite>