<?xml version="1.0" encoding="UTF-8"?>
<testng-results ignored="0" total="1" passed="1" failed="0" skipped="0">
  <reporter-output>
  </reporter-output>
  <suite started-at="2023-07-21T16:43:03 IST" name="Default suite" finished-at="2023-07-21T16:43:13 IST" duration-ms="10603">
    <groups>
    </groups>
    <test started-at="2023-07-21T16:43:03 IST" name="Default test" finished-at="2023-07-21T16:43:13 IST" duration-ms="10603">
      <class name="testCases.TC_BookingPageTest">
        <test-method is-config="true" signature="testSetup()[pri:0, instance:testCases.TC_BookingPageTest@52f27fbd]" started-at="2023-07-21T16:42:56 IST" name="testSetup" finished-at="2023-07-21T16:43:03 IST" duration-ms="6871" status="PASS">
          <reporter-output>
          </reporter-output>
        </test-method> <!-- testSetup -->
        <test-method is-config="true" signature="launchURL()[pri:0, instance:testCases.TC_BookingPageTest@52f27fbd]" started-at="2023-07-21T16:43:03 IST" name="launchURL" finished-at="2023-07-21T16:43:05 IST" duration-ms="2315" status="PASS">
          <reporter-output>
          </reporter-output>
        </test-method> <!-- launchURL -->
        <test-method signature="Homepage()[pri:0, instance:testCases.TC_BookingPageTest@52f27fbd]" started-at="2023-07-21T16:43:05 IST" name="Homepage" finished-at="2023-07-21T16:43:13 IST" duration-ms="8178" status="PASS">
          <reporter-output>
          </reporter-output>
        </test-method> <!-- Homepage -->
        <test-method is-config="true" signature="tearDown()[pri:0, instance:testCases.TC_BookingPageTest@52f27fbd]" started-at="2023-07-21T16:43:13 IST" name="tearDown" finished-at="2023-07-21T16:43:14 IST" duration-ms="810" status="PASS">
          <reporter-output>
          </reporter-output>
        </test-method> <!-- tearDown -->
      </class> <!-- testCases.TC_BookingPageTest -->
    </test> <!-- Default test -->
  </suite> <!-- Default suite -->
</testng-results>
